<?xml version="1.0" encoding="UTF-8"?>
<testsuite xmlns:xsi="http://www.w3.org/2001/XMLSchema-instance" xsi:noNamespaceSchemaLocation="https://maven.apache.org/surefire/maven-surefire-plugin/xsd/surefire-test-report.xsd" name="runner.TestRunner" time="23.162" tests="2" errors="0" skipped="0" failures="0">
  <properties>
[...]
</properties>
  <testcase name="To verify the URL for blinkit on Google browser." classname="Access Homepage #1" time="16.984"/>
  <testcase name="To verify the the user is able to select product" classname="Access Homepage #2" time="5.764"/>
</testsuite>