<?xml version="1.0" encoding="UTF-8"?>
<testsuite xmlns:xsi="http://www.w3.org/2001/XMLSchema-instance" xsi:noNamespaceSchemaLocation="https://maven.apache.org/surefire/maven-surefire-plugin/xsd/surefire-test-report.xsd" name="runner.TestRunner" time="24.933" tests="2" errors="1" skipped="0" failures="0">
  <properties>
[...]
</properties>
  <testcase name="To verify the URL for blinkit on Google browser." classname="Access Homepage #1" time="16.098">
    <error message="invalid selector: Unable to locate an element with the xpath expression //*[@id=\&quot;app\&quot;]/div/div/div[1]/header/div[3]/div[1]/div because of the following error:&#10;SyntaxError: Failed to execute &apos;evaluate&apos; on &apos;Document&apos;: The string &apos;//*[@id=\&quot;app\&quot;]/div/div/div[1]/header/div[3]/div[1]/div&apos; is not a valid XPath expression.&#10;  (Session info: chrome=105.0.5195.127)&#10;For documentation on this error, please visit: https://selenium.dev/exceptions/#invalid_selector_exception&#10;Build info: version: &apos;4.3.0&apos;, revision: &apos;a4995e2c09*&apos;&#10;System info: host: &apos;LIN73001289&apos;, ip: &apos;192.168.1.5&apos;, os.name: &apos;Windows 11&apos;, os.arch: &apos;amd64&apos;, os.version: &apos;10.0&apos;, java.version: &apos;18.0.2.1&apos;&#10;Driver info: org.openqa.selenium.chrome.ChromeDriver&#10;Command: [d6fa6afed1ad430bd20acedfc03cf8d2, findElement {using=xpath, value=//*[@id=\&quot;app\&quot;]/div/div/div[1]/header/div[3]/div[1]/div}]&#10;Capabilities {acceptInsecureCerts: false, browserName: chrome, browserVersion: 105.0.5195.127, chrome: {chromedriverVersion: 105.0.5195.52 (412c95e51883..., userDataDir: C:\Users\RBHIWRE\AppData\Lo...}, goog:chromeOptions: {debuggerAddress: localhost:57105}, networkConnectionEnabled: false, pageLoadStrategy: normal, platformName: WINDOWS, proxy: Proxy(), se:cdp: ws://localhost:57105/devtoo..., se:cdpVersion: 105.0.5195.127, setWindowRect: true, strictFileInteractability: false, timeouts: {implicit: 0, pageLoad: 300000, script: 30000}, unhandledPromptBehavior: dismiss and notify, webauthn:extension:credBlob: true, webauthn:extension:largeBlob: true, webauthn:virtualAuthenticators: true}&#10;Session ID: d6fa6afed1ad430bd20acedfc03cf8d2" type="org.openqa.selenium.InvalidSelectorException">org.openqa.selenium.InvalidSelectorException: 
invalid selector: Unable to locate an element with the xpath expression //*[@id=\"app\"]/div/div/div[1]/header/div[3]/div[1]/div because of the following error:
SyntaxError: Failed to execute 'evaluate' on 'Document': The string '//*[@id=\"app\"]/div/div/div[1]/header/div[3]/div[1]/div' is not a valid XPath expression.
  (Session info: chrome=105.0.5195.127)
For documentation on this error, please visit: https://selenium.dev/exceptions/#invalid_selector_exception
Build info: version: '4.3.0', revision: 'a4995e2c09*'
System info: host: 'LIN73001289', ip: '192.168.1.5', os.name: 'Windows 11', os.arch: 'amd64', os.version: '10.0', java.version: '18.0.2.1'
Driver info: org.openqa.selenium.chrome.ChromeDriver
Command: [d6fa6afed1ad430bd20acedfc03cf8d2, findElement {using=xpath, value=//*[@id=\"app\"]/div/div/div[1]/header/div[3]/div[1]/div}]
Capabilities {acceptInsecureCerts: false, browserName: chrome, browserVersion: 105.0.5195.127, chrome: {chromedriverVersion: 105.0.5195.52 (412c95e51883..., userDataDir: C:\Users\RBHIWRE\AppData\Lo...}, goog:chromeOptions: {debuggerAddress: localhost:57105}, networkConnectionEnabled: false, pageLoadStrategy: normal, platformName: WINDOWS, proxy: Proxy(), se:cdp: ws://localhost:57105/devtoo..., se:cdpVersion: 105.0.5195.127, setWindowRect: true, strictFileInteractability: false, timeouts: {implicit: 0, pageLoad: 300000, script: 30000}, unhandledPromptBehavior: dismiss and notify, webauthn:extension:credBlob: true, webauthn:extension:largeBlob: true, webauthn:virtualAuthenticators: true}
Session ID: d6fa6afed1ad430bd20acedfc03cf8d2
</error>
    <system-out><![CDATA[[DEBUG] Using SLF4J as the default logging framework
[DEBUG] -Dio.netty.leakDetection.level: simple
[DEBUG] -Dio.netty.leakDetection.targetRecords: 4
[DEBUG] Loaded default ResourceLeakDetector: io.netty.util.ResourceLeakDetector@21005f6c
[DEBUG] -Dio.netty.noUnsafe: false
[DEBUG] Java version: 18
[DEBUG] sun.misc.Unsafe.theUnsafe: available
[DEBUG] sun.misc.Unsafe.copyMemory: available
[DEBUG] sun.misc.Unsafe.storeFence: available
[DEBUG] java.nio.Buffer.address: available
[DEBUG] direct buffer constructor: unavailable: Reflective setAccessible(true) disabled
[DEBUG] java.nio.Bits.unaligned: available, true
[DEBUG] jdk.internal.misc.Unsafe.allocateUninitializedArray(int): unavailable: class io.netty.util.internal.PlatformDependent0$7 cannot access class jdk.internal.misc.Unsafe (in module java.base) because module java.base does not export jdk.internal.misc to unnamed module @6591f517
[DEBUG] java.nio.DirectByteBuffer.<init>(long, int): unavailable
[DEBUG] sun.misc.Unsafe: available
[DEBUG] maxDirectMemory: 2116026368 bytes (maybe)
[DEBUG] -Dio.netty.tmpdir: C:\Users\RBHIWRE\AppData\Local\Temp (java.io.tmpdir)
[DEBUG] -Dio.netty.bitMode: 64 (sun.arch.data.model)
[DEBUG] Platform: Windows
[DEBUG] -Dio.netty.maxDirectMemory: -1 bytes
[DEBUG] -Dio.netty.uninitializedArrayAllocationThreshold: -1
[DEBUG] java.nio.ByteBuffer.cleaner(): available
[DEBUG] -Dio.netty.noPreferDirect: false
[DEBUG] org.jctools-core.MpscChunkedArrayQueue: available
[DEBUG] -Dio.netty.threadLocalMap.stringBuilder.initialSize: 1024
[DEBUG] -Dio.netty.threadLocalMap.stringBuilder.maxSize: 4096
[DEBUG] Default protocols (JDK): [TLSv1.3, TLSv1.2] 
[DEBUG] Default cipher suites (JDK): [TLS_ECDHE_ECDSA_WITH_AES_256_GCM_SHA384, TLS_ECDHE_ECDSA_WITH_AES_128_GCM_SHA256, TLS_ECDHE_RSA_WITH_AES_128_GCM_SHA256, TLS_ECDHE_RSA_WITH_AES_256_GCM_SHA384, TLS_ECDHE_RSA_WITH_AES_128_CBC_SHA, TLS_ECDHE_RSA_WITH_AES_256_CBC_SHA, TLS_RSA_WITH_AES_128_GCM_SHA256, TLS_RSA_WITH_AES_128_CBC_SHA, TLS_RSA_WITH_AES_256_CBC_SHA, TLS_AES_128_GCM_SHA256, TLS_AES_256_GCM_SHA384]
[DEBUG] -Dio.netty.eventLoopThreads: 16
[DEBUG] -Dio.netty.noKeySetOptimization: false
[DEBUG] -Dio.netty.selectorAutoRebuildThreshold: 512
[DEBUG] -Dio.netty.allocator.numHeapArenas: 16
[DEBUG] -Dio.netty.allocator.numDirectArenas: 16
[DEBUG] -Dio.netty.allocator.pageSize: 8192
[DEBUG] -Dio.netty.allocator.maxOrder: 9
[DEBUG] -Dio.netty.allocator.chunkSize: 4194304
[DEBUG] -Dio.netty.allocator.smallCacheSize: 256
[DEBUG] -Dio.netty.allocator.normalCacheSize: 64
[DEBUG] -Dio.netty.allocator.maxCachedBufferCapacity: 32768
[DEBUG] -Dio.netty.allocator.cacheTrimInterval: 8192
[DEBUG] -Dio.netty.allocator.cacheTrimIntervalMillis: 0
[DEBUG] -Dio.netty.allocator.useCacheForAllThreads: false
[DEBUG] -Dio.netty.allocator.maxCachedByteBuffersPerChunk: 1023
[DEBUG] -Dio.netty.allocator.type: pooled
[DEBUG] -Dio.netty.threadLocalDirectBufferSize: 0
[DEBUG] -Dio.netty.maxThreadLocalCharBufferSize: 16384
[DEBUG] -Dio.netty.processId: 16304 (auto-detected)
[DEBUG] -Djava.net.preferIPv4Stack: false
[DEBUG] -Djava.net.preferIPv6Addresses: false
[DEBUG] Loopback interface: lo (Software Loopback Interface 1, 127.0.0.1)
[DEBUG] Failed to get SOMAXCONN from sysctl and file \proc\sys\net\core\somaxconn. Default: 200
[DEBUG] -Dio.netty.machineId: c8:09:a8:ff:fe:bb:36:d1 (auto-detected)
[DEBUG] -Dio.netty.buffer.checkAccessible: true
[DEBUG] -Dio.netty.buffer.checkBounds: true
[DEBUG] Loaded default ResourceLeakDetector: io.netty.util.ResourceLeakDetector@48946b43
[DEBUG] Using new Channel '[id: 0x42ede926, L:/127.0.0.1:57101 - R:localhost/127.0.0.1:49900]' for 'POST' to '/session'
[DEBUG] -Dio.netty.recycler.maxCapacityPerThread: 4096
[DEBUG] -Dio.netty.recycler.ratio: 8
[DEBUG] -Dio.netty.recycler.chunkSize: 32
[DEBUG] -Dio.netty.recycler.blocking: false
[DEBUG] brotli4j not in the classpath; Brotli support will be unavailable.
[DEBUG] 

Request DefaultHttpRequest(decodeResult: success, version: HTTP/1.1)
POST /session HTTP/1.1
User-Agent: selenium/4.3.0 (java windows)
Content-Length: 365
Content-Type: application/json; charset=utf-8
host: localhost:49900
accept: */*

Response DefaultHttpResponse(decodeResult: success, version: HTTP/1.1)
HTTP/1.1 200 OK
Content-Type: application/json; charset=utf-8
cache-control: no-cache
content-length: 791

[DEBUG] Adding key: http://localhost:49900 for channel [id: 0x42ede926, L:/127.0.0.1:57101 - R:localhost/127.0.0.1:49900]
[DEBUG] Entry count for : http://localhost:49900 : 1
[DEBUG] Using new Channel '[id: 0xd078831f, L:/127.0.0.1:57113 - R:localhost/127.0.0.1:57105]' for 'GET' to '/json/version'
[DEBUG] 

Request DefaultFullHttpRequest(decodeResult: success, version: HTTP/1.1, content: EmptyByteBufBE)
GET /json/version HTTP/1.1
User-Agent: selenium/4.3.0 (java windows)
host: localhost:57105
accept: */*

Response DefaultHttpResponse(decodeResult: success, version: HTTP/1.1)
HTTP/1.1 200 OK
Content-Type: application/json; charset=UTF-8
content-length: 423

[DEBUG] Adding key: http://localhost:57105 for channel [id: 0xd078831f, L:/127.0.0.1:57113 - R:localhost/127.0.0.1:57105]
[DEBUG] -Dio.netty.initialSeedUniquifier: 0x581bc1fa2c80a227
[DEBUG] Using new Channel '[id: 0xe73e823a, L:/127.0.0.1:57114 - R:localhost/127.0.0.1:57105]' for 'GET' to '/devtools/browser/4ef1382c-559b-43f2-b857-e62d57f68192'
[DEBUG] 

Request DefaultFullHttpRequest(decodeResult: success, version: HTTP/1.1, content: EmptyByteBufBE)
GET /devtools/browser/4ef1382c-559b-43f2-b857-e62d57f68192 HTTP/1.1
upgrade: websocket
connection: upgrade
sec-websocket-key: pBc7idKOIhEZnOOt/vQ2vg==
sec-websocket-version: 13
origin: http://localhost:57105
host: localhost:57105
accept: */*
user-agent: AHC/2.1

Response DefaultHttpResponse(decodeResult: success, version: HTTP/1.1)
HTTP/1.1 101 WebSocket Protocol Handshake
Upgrade: WebSocket
Connection: Upgrade
Sec-WebSocket-Accept: sPKe1jsE2dwxAQFF7T6jlJQmPyU=

[DEBUG] Using pooled Channel '[id: 0x42ede926, L:/127.0.0.1:57101 - R:localhost/127.0.0.1:49900]' for 'POST' to 'http://localhost:49900/session/d6fa6afed1ad430bd20acedfc03cf8d2/url'
[DEBUG] Using open Channel [id: 0x42ede926, L:/127.0.0.1:57101 - R:localhost/127.0.0.1:49900] for POST '/session/d6fa6afed1ad430bd20acedfc03cf8d2/url'
[DEBUG] Entry count for : http://localhost:57105 : 1
[DEBUG] 

Request DefaultHttpRequest(decodeResult: success, version: HTTP/1.1)
POST /session/d6fa6afed1ad430bd20acedfc03cf8d2/url HTTP/1.1
User-Agent: selenium/4.3.0 (java windows)
Content-Length: 50
Content-Type: application/json; charset=utf-8
host: localhost:49900
accept: */*

Response DefaultHttpResponse(decodeResult: success, version: HTTP/1.1)
HTTP/1.1 200 OK
Content-Type: application/json; charset=utf-8
cache-control: no-cache
content-length: 14

[DEBUG] Adding key: http://localhost:49900 for channel [id: 0x42ede926, L:/127.0.0.1:57101 - R:localhost/127.0.0.1:49900]
[DEBUG] Using pooled Channel '[id: 0x42ede926, L:/127.0.0.1:57101 - R:localhost/127.0.0.1:49900]' for 'GET' to 'http://localhost:49900/session/d6fa6afed1ad430bd20acedfc03cf8d2/screenshot'
[DEBUG] Using open Channel [id: 0x42ede926, L:/127.0.0.1:57101 - R:localhost/127.0.0.1:49900] for GET '/session/d6fa6afed1ad430bd20acedfc03cf8d2/screenshot'
[DEBUG] Entry count for : http://localhost:57105 : 1
[DEBUG] 

Request DefaultFullHttpRequest(decodeResult: success, version: HTTP/1.1, content: EmptyByteBufBE)
GET /session/d6fa6afed1ad430bd20acedfc03cf8d2/screenshot HTTP/1.1
User-Agent: selenium/4.3.0 (java windows)
Cache-Control: no-cache
Content-Type: application/json; charset=utf-8
host: localhost:49900
accept: */*

Response DefaultHttpResponse(decodeResult: success, version: HTTP/1.1)
HTTP/1.1 200 OK
Content-Type: application/json; charset=utf-8
cache-control: no-cache
content-length: 67016

[DEBUG] Adding key: http://localhost:49900 for channel [id: 0x42ede926, L:/127.0.0.1:57101 - R:localhost/127.0.0.1:49900]
[DEBUG] Using pooled Channel '[id: 0x42ede926, L:/127.0.0.1:57101 - R:localhost/127.0.0.1:49900]' for 'POST' to 'http://localhost:49900/session/d6fa6afed1ad430bd20acedfc03cf8d2/element'
[DEBUG] Using open Channel [id: 0x42ede926, L:/127.0.0.1:57101 - R:localhost/127.0.0.1:49900] for POST '/session/d6fa6afed1ad430bd20acedfc03cf8d2/element'
[DEBUG] 

Request DefaultHttpRequest(decodeResult: success, version: HTTP/1.1)
POST /session/d6fa6afed1ad430bd20acedfc03cf8d2/element HTTP/1.1
User-Agent: selenium/4.3.0 (java windows)
Content-Length: 59
Content-Type: application/json; charset=utf-8
host: localhost:49900
accept: */*

Response DefaultHttpResponse(decodeResult: success, version: HTTP/1.1)
HTTP/1.1 200 OK
Content-Type: application/json; charset=utf-8
cache-control: no-cache
content-length: 88

[DEBUG] Adding key: http://localhost:49900 for channel [id: 0x42ede926, L:/127.0.0.1:57101 - R:localhost/127.0.0.1:49900]
[DEBUG] Using pooled Channel '[id: 0x42ede926, L:/127.0.0.1:57101 - R:localhost/127.0.0.1:49900]' for 'POST' to 'http://localhost:49900/session/d6fa6afed1ad430bd20acedfc03cf8d2/element/7297ad2f-1607-4795-a56a-9ae26a693e82/click'
[DEBUG] Using open Channel [id: 0x42ede926, L:/127.0.0.1:57101 - R:localhost/127.0.0.1:49900] for POST '/session/d6fa6afed1ad430bd20acedfc03cf8d2/element/7297ad2f-1607-4795-a56a-9ae26a693e82/click'
[DEBUG] 

Request DefaultHttpRequest(decodeResult: success, version: HTTP/1.1)
POST /session/d6fa6afed1ad430bd20acedfc03cf8d2/element/7297ad2f-1607-4795-a56a-9ae26a693e82/click HTTP/1.1
User-Agent: selenium/4.3.0 (java windows)
Content-Length: 50
Content-Type: application/json; charset=utf-8
host: localhost:49900
accept: */*

Response DefaultHttpResponse(decodeResult: success, version: HTTP/1.1)
HTTP/1.1 200 OK
Content-Type: application/json; charset=utf-8
cache-control: no-cache
content-length: 14

[DEBUG] Adding key: http://localhost:49900 for channel [id: 0x42ede926, L:/127.0.0.1:57101 - R:localhost/127.0.0.1:49900]
[DEBUG] Using pooled Channel '[id: 0x42ede926, L:/127.0.0.1:57101 - R:localhost/127.0.0.1:49900]' for 'GET' to 'http://localhost:49900/session/d6fa6afed1ad430bd20acedfc03cf8d2/screenshot'
[DEBUG] Using open Channel [id: 0x42ede926, L:/127.0.0.1:57101 - R:localhost/127.0.0.1:49900] for GET '/session/d6fa6afed1ad430bd20acedfc03cf8d2/screenshot'
[DEBUG] Entry count for : http://localhost:57105 : 1
[DEBUG] 

Request DefaultFullHttpRequest(decodeResult: success, version: HTTP/1.1, content: EmptyByteBufBE)
GET /session/d6fa6afed1ad430bd20acedfc03cf8d2/screenshot HTTP/1.1
User-Agent: selenium/4.3.0 (java windows)
Cache-Control: no-cache
Content-Type: application/json; charset=utf-8
host: localhost:49900
accept: */*

Response DefaultHttpResponse(decodeResult: success, version: HTTP/1.1)
HTTP/1.1 200 OK
Content-Type: application/json; charset=utf-8
cache-control: no-cache
content-length: 740376

[DEBUG] Adding key: http://localhost:49900 for channel [id: 0x42ede926, L:/127.0.0.1:57101 - R:localhost/127.0.0.1:49900]
[DEBUG] Entry count for : http://localhost:57105 : 1
[DEBUG] Entry count for : http://localhost:49900 : 1
[DEBUG] Entry count for : http://localhost:57105 : 1
[DEBUG] Entry count for : http://localhost:49900 : 1
[DEBUG] Entry count for : http://localhost:57105 : 1
[DEBUG] Entry count for : http://localhost:49900 : 1
[DEBUG] Entry count for : http://localhost:57105 : 1
[DEBUG] Entry count for : http://localhost:49900 : 1
[DEBUG] Entry count for : http://localhost:57105 : 1
[DEBUG] Entry count for : http://localhost:49900 : 1
[DEBUG] Entry count for : http://localhost:57105 : 1
[DEBUG] Entry count for : http://localhost:49900 : 1
[DEBUG] Entry count for : http://localhost:57105 : 1
[DEBUG] Entry count for : http://localhost:49900 : 1
[DEBUG] Entry count for : http://localhost:57105 : 1
[DEBUG] Entry count for : http://localhost:49900 : 1
[DEBUG] Using pooled Channel '[id: 0x42ede926, L:/127.0.0.1:57101 - R:localhost/127.0.0.1:49900]' for 'POST' to 'http://localhost:49900/session/d6fa6afed1ad430bd20acedfc03cf8d2/element'
[DEBUG] Using open Channel [id: 0x42ede926, L:/127.0.0.1:57101 - R:localhost/127.0.0.1:49900] for POST '/session/d6fa6afed1ad430bd20acedfc03cf8d2/element'
[DEBUG] 

Request DefaultHttpRequest(decodeResult: success, version: HTTP/1.1)
POST /session/d6fa6afed1ad430bd20acedfc03cf8d2/element HTTP/1.1
User-Agent: selenium/4.3.0 (java windows)
Content-Length: 142
Content-Type: application/json; charset=utf-8
host: localhost:49900
accept: */*

Response DefaultHttpResponse(decodeResult: success, version: HTTP/1.1)
HTTP/1.1 400 Bad Request
Content-Type: application/json; charset=utf-8
cache-control: no-cache
content-length: 1328

[DEBUG] Adding key: http://localhost:49900 for channel [id: 0x42ede926, L:/127.0.0.1:57101 - R:localhost/127.0.0.1:49900]
]]></system-out>
    <system-err><![CDATA[Starting ChromeDriver 105.0.5195.52 (412c95e518836d8a7d97250d62b29c2ae6a26a85-refs/branch-heads/5195@{#853}) on port 49900
Only local connections are allowed.
Please see https://chromedriver.chromium.org/security-considerations for suggestions on keeping ChromeDriver safe.
ChromeDriver was started successfully.
Oct 10, 2022 6:08:51 PM org.openqa.selenium.remote.ProtocolHandshake createSession
INFO: Detected upstream dialect: W3C
Oct 10, 2022 6:08:51 PM org.openqa.selenium.devtools.CdpVersionFinder findNearestMatch
WARNING: Unable to find an exact match for CDP version 105, so returning the closest version found: 103
Oct 10, 2022 6:08:51 PM org.openqa.selenium.devtools.CdpVersionFinder findNearestMatch
INFO: Found CDP implementation for version 105 of 103
]]></system-err>
  </testcase>
  <testcase name="To verify the the user is able to select product" classname="Access Homepage #2" time="8.419"/>
</testsuite>